2022-09-15 15:09:69 [32minfo[39m [32m| bin/www say : PORT : 3000[39m
2022-09-15 15:09:69 [32minfo[39m [32m| bin/www say : "Listening"[39m
2022-09-15 15:09:65 [31merror[39m [31mNot Found[39m
2022-09-15 15:09:45 [32minfo[39m [32m| bin/www say : PORT : 3000[39m
2022-09-15 15:09:45 [32minfo[39m [32m| bin/www say : "Listening"[39m
2022-09-15 15:09:25 [31merror[39m [31mNot Found[39m
2022-09-15 15:09:22 [32minfo[39m [32m| bin/www say : PORT : 3000[39m
2022-09-15 15:09:22 [32minfo[39m [32m| bin/www say : "Listening"[39m
2022-09-15 15:09:82 [31merror[39m [31mNot Found[39m
2022-09-15 15:09:16 [31merror[39m [31mNot Found[39m
2022-09-15 15:09:46 [31merror[39m [31mNot Found[39m
2022-09-15 15:09:48 [31merror[39m [31mNot Found[39m
2022-09-15 15:09:38 [32minfo[39m [32m| bin/www say : PORT : 3000[39m
2022-09-15 15:09:38 [32minfo[39m [32m| bin/www say : "Listening"[39m
2022-09-15 15:09:26 [32minfo[39m [32m| bin/www say : PORT : 3000[39m
2022-09-15 15:09:26 [32minfo[39m [32m| bin/www say : "Listening"[39m
2022-09-15 15:09:88 [32minfo[39m [32m| bin/www say : PORT : 3000[39m
2022-09-15 15:09:88 [32minfo[39m [32m| bin/www say : "Listening"[39m
2022-09-15 15:09:46 [31merror[39m [31mNot Found[39m
2022-09-15 15:09:35 [31merror[39m [31mNot Found[39m
2022-09-15 15:09:21 [31merror[39m [31mNot Found[39m
2022-09-15 15:09:61 [31merror[39m [31mNot Found[39m
2022-09-15 15:09:50 [31merror[39m [31mNot Found[39m
2022-09-15 15:09:78 [31merror[39m [31mNot Found[39m
2022-09-15 15:09:79 [31merror[39m [31mNot Found[39m
2022-09-15 15:09:45 [31merror[39m [31mNot Found[39m
2022-09-15 15:09:89 [32minfo[39m [32m| bin/www say : PORT : 3000[39m
2022-09-15 15:09:89 [32minfo[39m [32m| bin/www say : "Listening"[39m
2022-09-15 15:09:93 [32minfo[39m [32m| bin/www say : PORT : 3000[39m
2022-09-15 15:09:93 [32minfo[39m [32m| bin/www say : "Listening"[39m
2022-09-15 15:09:74 [32minfo[39m [32m| bin/www say : PORT : 3000[39m
2022-09-15 15:09:75 [32minfo[39m [32m| bin/www say : "Listening"[39m
2022-09-15 15:09:75 [31merror[39m [31mNot Found[39m
2022-09-15 15:09:95 [32minfo[39m [32m| bin/www say : PORT : 3000[39m
2022-09-15 15:09:95 [32minfo[39m [32m| bin/www say : "Listening"[39m
2022-09-15 15:09:78 [32minfo[39m [32m| bin/www say : PORT : 3000[39m
2022-09-15 15:09:79 [32minfo[39m [32m| bin/www say : "Listening"[39m
2022-09-15 15:09:84 [32minfo[39m [32m| bin/www say : PORT : 3000[39m
2022-09-15 15:09:84 [32minfo[39m [32m| bin/www say : "Listening"[39m
2022-09-15 15:09:67 [32minfo[39m [32m| bin/www say : PORT : 3000[39m
2022-09-15 15:09:67 [32minfo[39m [32m| bin/www say : "Listening"[39m
2022-09-15 15:09:75 [32minfo[39m [32m| bin/www say : PORT : 3000[39m
2022-09-15 15:09:76 [32minfo[39m [32m| bin/www say : "Listening"[39m
2022-09-15 15:09:01 [32minfo[39m [32m| bin/www say : PORT : 3000[39m
2022-09-15 15:09:01 [32minfo[39m [32m| bin/www say : "Listening"[39m
2022-09-15 15:09:65 [32minfo[39m [32m| bin/www say : PORT : 3000[39m
2022-09-15 15:09:65 [32minfo[39m [32m| bin/www say : "Listening"[39m
2022-09-15 15:09:47 [32minfo[39m [32m| bin/www say : PORT : 3000[39m
2022-09-15 15:09:47 [32minfo[39m [32m| bin/www say : "Listening"[39m
2022-09-15 15:09:56 [32minfo[39m [32m| bin/www say : PORT : 3000[39m
2022-09-15 15:09:56 [32minfo[39m [32m| bin/www say : "Listening"[39m
2022-09-15 15:09:30 [32minfo[39m [32m| bin/www say : PORT : 3000[39m
2022-09-15 15:09:30 [32minfo[39m [32m| bin/www say : "Listening"[39m
2022-09-15 15:09:31 [32minfo[39m [32m| bin/www say : PORT : 3000[39m
2022-09-15 15:09:32 [32minfo[39m [32m| bin/www say : "Listening"[39m
2022-09-15 15:09:27 [32minfo[39m [32m| bin/www say : PORT : 3000[39m
2022-09-15 15:09:27 [32minfo[39m [32m| bin/www say : "Listening"[39m
2022-09-15 15:09:79 [32minfo[39m [32m| bin/www say : PORT : 3000[39m
2022-09-15 15:09:79 [32minfo[39m [32m| bin/www say : "Listening"[39m
2022-09-15 15:09:21 [32minfo[39m [32m| bin/www say : PORT : 3000[39m
2022-09-15 15:09:21 [32minfo[39m [32m| bin/www say : "Listening"[39m
2022-09-15 15:09:82 [32minfo[39m [32m| bin/www say : PORT : 3000[39m
2022-09-15 15:09:82 [32minfo[39m [32m| bin/www say : "Listening"[39m
2022-09-15 15:09:98 [32minfo[39m [32m| bin/www say : PORT : 3000[39m
2022-09-15 15:09:98 [32minfo[39m [32m| bin/www say : "Listening"[39m
2022-09-15 15:09:48 [32minfo[39m [32m| bin/www say : PORT : 3000[39m
2022-09-15 15:09:48 [32minfo[39m [32m| bin/www say : "Listening"[39m
2022-09-15 15:09:71 [32minfo[39m [32m| bin/www say : PORT : 3000[39m
2022-09-15 15:09:71 [32minfo[39m [32m| bin/www say : "Listening"[39m
2022-09-15 15:09:62 [32minfo[39m [32m| bin/www say : PORT : 3000[39m
2022-09-15 15:09:62 [32minfo[39m [32m| bin/www say : "Listening"[39m
2022-09-15 15:09:27 [32minfo[39m [32muser {[39m
[32m  dataValues: {[39m
[32m    id: '1212',[39m
[32m    password: '123123',[39m
[32m    name: '',[39m
[32m    birthday: '2022-08-31',[39m
[32m    updatedAt: 2022-09-15T06:56:55.206Z,[39m
[32m    createdAt: 2022-09-15T06:56:55.206Z[39m
[32m  },[39m
[32m  _previousDataValues: {[39m
[32m    id: '1212',[39m
[32m    password: '123123',[39m
[32m    name: '',[39m
[32m    birthday: '2022-08-31',[39m
[32m    createdAt: 2022-09-15T06:56:55.206Z,[39m
[32m    updatedAt: 2022-09-15T06:56:55.206Z[39m
[32m  },[39m
[32m  uniqno: 1,[39m
[32m  _changed: Set(0) {},[39m
[32m  _options: {[39m
[32m    isNewRecord: true,[39m
[32m    _schema: null,[39m
[32m    _schemaDelimiter: '',[39m
[32m    attributes: undefined,[39m
[32m    include: undefined,[39m
[32m    raw: undefined,[39m
[32m    silent: undefined[39m
[32m  },[39m
[32m  isNewRecord: false,[39m
[32m  null: undefined[39m
[32m}[39m
2022-09-15 15:09:24 [31merror[39m [31mValidation error[39m
2022-09-15 15:09:40 [32minfo[39m [32m| bin/www say : PORT : 3000[39m
2022-09-15 15:09:40 [32minfo[39m [32m| bin/www say : "Listening"[39m
2022-09-15 16:09:75 [32minfo[39m [32m| bin/www say : PORT : 3000[39m
2022-09-15 16:09:76 [32minfo[39m [32m| bin/www say : "Listening"[39m
2022-09-15 16:09:54 [32minfo[39m [32m| bin/www say : PORT : 3000[39m
2022-09-15 16:09:54 [32minfo[39m [32m| bin/www say : "Listening"[39m
2022-09-15 16:09:100 [32minfo[39m [32m| bin/www say : PORT : 3000[39m
2022-09-15 16:09:100 [32minfo[39m [32m| bin/www say : "Listening"[39m
2022-09-15 16:09:94 [32minfo[39m [32m| bin/www say : PORT : 3000[39m
2022-09-15 16:09:94 [32minfo[39m [32m| bin/www say : "Listening"[39m
2022-09-15 16:09:74 [32minfo[39m [32m| bin/www say : PORT : 3000[39m
2022-09-15 16:09:75 [32minfo[39m [32m| bin/www say : "Listening"[39m
2022-09-15 16:09:03 [32minfo[39m [32m| bin/www say : PORT : 3000[39m
2022-09-15 16:09:03 [32minfo[39m [32m| bin/www say : "Listening"[39m
2022-09-15 16:09:36 [32minfo[39m [32m| bin/www say : PORT : 3000[39m
2022-09-15 16:09:36 [32minfo[39m [32m| bin/www say : "Listening"[39m
2022-09-15 16:09:47 [32minfo[39m [32m| bin/www say : PORT : 3000[39m
2022-09-15 16:09:48 [32minfo[39m [32m| bin/www say : "Listening"[39m
2022-09-15 16:09:81 [32minfo[39m [32muser {[39m
[32m  dataValues: {[39m
[32m    num: 1,[39m
[32m    id: '1212',[39m
[32m    password: '123123',[39m
[32m    name: '박원우',[39m
[32m    birthday: '2022-09-21',[39m
[32m    updatedAt: 2022-09-15T07:03:26.795Z,[39m
[32m    createdAt: 2022-09-15T07:03:26.795Z[39m
[32m  },[39m
[32m  _previousDataValues: {[39m
[32m    id: '1212',[39m
[32m    password: '123123',[39m
[32m    name: '박원우',[39m
[32m    birthday: '2022-09-21',[39m
[32m    num: 1,[39m
[32m    createdAt: 2022-09-15T07:03:26.795Z,[39m
[32m    updatedAt: 2022-09-15T07:03:26.795Z[39m
[32m  },[39m
[32m  uniqno: 1,[39m
[32m  _changed: Set(0) {},[39m
[32m  _options: {[39m
[32m    isNewRecord: true,[39m
[32m    _schema: null,[39m
[32m    _schemaDelimiter: '',[39m
[32m    attributes: undefined,[39m
[32m    include: undefined,[39m
[32m    raw: undefined,[39m
[32m    silent: undefined[39m
[32m  },[39m
[32m  isNewRecord: false[39m
[32m}[39m
2022-09-15 16:09:22 [32minfo[39m [32m| bin/www say : PORT : 3000[39m
2022-09-15 16:09:22 [32minfo[39m [32m| bin/www say : "Listening"[39m
2022-09-15 16:09:69 [32minfo[39m [32m| bin/www say : PORT : 3000[39m
2022-09-15 16:09:69 [32minfo[39m [32m| bin/www say : "Listening"[39m
2022-09-15 16:09:72 [32minfo[39m [32m| bin/www say : PORT : 3000[39m
2022-09-15 16:09:72 [32minfo[39m [32m| bin/www say : "Listening"[39m
2022-09-15 16:09:63 [32minfo[39m [32m| bin/www say : PORT : 3000[39m
2022-09-15 16:09:63 [32minfo[39m [32m| bin/www say : "Listening"[39m
2022-09-15 16:09:97 [32minfo[39m [32m| bin/www say : PORT : 3000[39m
2022-09-15 16:09:97 [32minfo[39m [32m| bin/www say : "Listening"[39m
2022-09-15 16:09:39 [32minfo[39m [32m| bin/www say : PORT : 3000[39m
2022-09-15 16:09:39 [32minfo[39m [32m| bin/www say : "Listening"[39m
2022-09-15 16:09:97 [32minfo[39m [32m| bin/www say : PORT : 3000[39m
2022-09-15 16:09:98 [32minfo[39m [32m| bin/www say : "Listening"[39m
